2025-03-26T22:22:55.396+05:30  INFO 20268 --- [restartedMain] c.e.f.FaceRecognitionAppApplication      : Starting FaceRecognitionAppApplication using Java 21.0.5 with PID 20268 (C:\Users\Hemant\Downloads\PYTHON\Recognify\face-recognition-app\target\classes started by Hemant in C:\Users\Hemant\Downloads\PYTHON\Recognify\face-recognition-app)
2025-03-26T22:22:55.399+05:30  INFO 20268 --- [restartedMain] c.e.f.FaceRecognitionAppApplication      : No active profile set, falling back to 1 default profile: "default"
2025-03-26T22:22:55.475+05:30  INFO 20268 --- [restartedMain] .e.DevToolsPropertyDefaultsPostProcessor : Devtools property defaults active! Set 'spring.devtools.add-properties' to 'false' to disable
2025-03-26T22:22:55.476+05:30  INFO 20268 --- [restartedMain] .e.DevToolsPropertyDefaultsPostProcessor : For additional web related logging consider setting the 'logging.level.web' property to 'DEBUG'
2025-03-26T22:22:57.191+05:30  INFO 20268 --- [restartedMain] o.s.b.w.embedded.tomcat.TomcatWebServer  : Tomcat initialized with port 8080 (http)
2025-03-26T22:22:57.216+05:30  INFO 20268 --- [restartedMain] o.apache.catalina.core.StandardService   : Starting service [Tomcat]
2025-03-26T22:22:57.217+05:30  INFO 20268 --- [restartedMain] o.apache.catalina.core.StandardEngine    : Starting Servlet engine: [Apache Tomcat/10.1.19]
2025-03-26T22:22:57.291+05:30  INFO 20268 --- [restartedMain] o.a.c.c.C.[Tomcat].[localhost].[/]       : Initializing Spring embedded WebApplicationContext
2025-03-26T22:22:57.293+05:30  INFO 20268 --- [restartedMain] w.s.c.ServletWebServerApplicationContext : Root WebApplicationContext: initialization completed in 1816 ms
2025-03-26T22:22:59.829+05:30  INFO 20268 --- [restartedMain] o.s.b.a.w.s.WelcomePageHandlerMapping    : Adding welcome page: class path resource [static/index.html]
2025-03-26T22:23:00.057+05:30  INFO 20268 --- [restartedMain] o.s.b.d.a.OptionalLiveReloadServer       : LiveReload server is running on port 35729
2025-03-26T22:23:00.092+05:30  INFO 20268 --- [restartedMain] o.s.b.w.embedded.tomcat.TomcatWebServer  : Tomcat started on port 8080 (http) with context path ''
2025-03-26T22:23:00.101+05:30  INFO 20268 --- [restartedMain] c.e.f.FaceRecognitionAppApplication      : Started FaceRecognitionAppApplication in 5.363 seconds (process running for 6.03)
2025-03-26T22:23:22.777+05:30  INFO 20268 --- [http-nio-8080-exec-1] o.a.c.c.C.[Tomcat].[localhost].[/]       : Initializing Spring DispatcherServlet 'dispatcherServlet'
2025-03-26T22:23:22.778+05:30  INFO 20268 --- [http-nio-8080-exec-1] o.s.web.servlet.DispatcherServlet        : Initializing Servlet 'dispatcherServlet'
2025-03-26T22:23:22.779+05:30  INFO 20268 --- [http-nio-8080-exec-1] o.s.web.servlet.DispatcherServlet        : Completed initialization in 1 ms
2025-03-26T22:26:43.137+05:30  INFO 9792 --- [restartedMain] c.e.f.FaceRecognitionAppApplication      : Starting FaceRecognitionAppApplication using Java 21.0.5 with PID 9792 (C:\Users\Hemant\Downloads\PYTHON\Recognify\face-recognition-app\target\classes started by Hemant in C:\Users\Hemant\Downloads\PYTHON\Recognify\face-recognition-app)
2025-03-26T22:26:43.140+05:30  INFO 9792 --- [restartedMain] c.e.f.FaceRecognitionAppApplication      : No active profile set, falling back to 1 default profile: "default"
2025-03-26T22:26:43.190+05:30  INFO 9792 --- [restartedMain] .e.DevToolsPropertyDefaultsPostProcessor : Devtools property defaults active! Set 'spring.devtools.add-properties' to 'false' to disable
2025-03-26T22:26:43.191+05:30  INFO 9792 --- [restartedMain] .e.DevToolsPropertyDefaultsPostProcessor : For additional web related logging consider setting the 'logging.level.web' property to 'DEBUG'
2025-03-26T22:26:44.065+05:30  INFO 9792 --- [restartedMain] o.s.b.w.embedded.tomcat.TomcatWebServer  : Tomcat initialized with port 8080 (http)
2025-03-26T22:26:44.076+05:30  INFO 9792 --- [restartedMain] o.apache.catalina.core.StandardService   : Starting service [Tomcat]
2025-03-26T22:26:44.077+05:30  INFO 9792 --- [restartedMain] o.apache.catalina.core.StandardEngine    : Starting Servlet engine: [Apache Tomcat/10.1.19]
2025-03-26T22:26:44.123+05:30  INFO 9792 --- [restartedMain] o.a.c.c.C.[Tomcat].[localhost].[/]       : Initializing Spring embedded WebApplicationContext
2025-03-26T22:26:44.124+05:30  INFO 9792 --- [restartedMain] w.s.c.ServletWebServerApplicationContext : Root WebApplicationContext: initialization completed in 933 ms
2025-03-26T22:26:44.877+05:30  INFO 9792 --- [restartedMain] o.s.b.a.w.s.WelcomePageHandlerMapping    : Adding welcome page: class path resource [static/index.html]
2025-03-26T22:26:45.060+05:30  INFO 9792 --- [restartedMain] o.s.b.d.a.OptionalLiveReloadServer       : LiveReload server is running on port 35729
2025-03-26T22:26:45.096+05:30  INFO 9792 --- [restartedMain] o.s.b.w.embedded.tomcat.TomcatWebServer  : Tomcat started on port 8080 (http) with context path ''
2025-03-26T22:26:45.104+05:30  INFO 9792 --- [restartedMain] c.e.f.FaceRecognitionAppApplication      : Started FaceRecognitionAppApplication in 2.342 seconds (process running for 2.765)
2025-03-26T22:26:49.059+05:30  INFO 9792 --- [http-nio-8080-exec-1] o.a.c.c.C.[Tomcat].[localhost].[/]       : Initializing Spring DispatcherServlet 'dispatcherServlet'
2025-03-26T22:26:49.059+05:30  INFO 9792 --- [http-nio-8080-exec-1] o.s.web.servlet.DispatcherServlet        : Initializing Servlet 'dispatcherServlet'
2025-03-26T22:26:49.060+05:30  INFO 9792 --- [http-nio-8080-exec-1] o.s.web.servlet.DispatcherServlet        : Completed initialization in 0 ms
2025-03-26T22:28:05.366+05:30  INFO 9792 --- [File Watcher] rtingClassPathChangeChangedEventListener : Restarting due to 1 class path change (0 additions, 0 deletions, 1 modification)
2025-03-26T22:28:07.187+05:30  INFO 9792 --- [restartedMain] c.e.f.FaceRecognitionAppApplication      : Starting FaceRecognitionAppApplication using Java 21.0.5 with PID 9792 (C:\Users\Hemant\Downloads\PYTHON\Recognify\face-recognition-app\target\classes started by Hemant in C:\Users\Hemant\Downloads\PYTHON\Recognify\face-recognition-app)
2025-03-26T22:28:07.191+05:30  INFO 9792 --- [restartedMain] c.e.f.FaceRecognitionAppApplication      : No active profile set, falling back to 1 default profile: "default"
2025-03-26T22:28:07.664+05:30  INFO 9792 --- [restartedMain] o.s.b.w.embedded.tomcat.TomcatWebServer  : Tomcat initialized with port 8080 (http)
2025-03-26T22:28:07.666+05:30  INFO 9792 --- [restartedMain] o.apache.catalina.core.StandardService   : Starting service [Tomcat]
2025-03-26T22:28:07.668+05:30  INFO 9792 --- [restartedMain] o.apache.catalina.core.StandardEngine    : Starting Servlet engine: [Apache Tomcat/10.1.19]
2025-03-26T22:28:07.752+05:30  INFO 9792 --- [restartedMain] o.a.c.c.C.[Tomcat].[localhost].[/]       : Initializing Spring embedded WebApplicationContext
2025-03-26T22:28:07.753+05:30  INFO 9792 --- [restartedMain] w.s.c.ServletWebServerApplicationContext : Root WebApplicationContext: initialization completed in 555 ms
2025-03-26T22:28:07.873+05:30  WARN 9792 --- [restartedMain] ConfigServletWebServerApplicationContext : Exception encountered during context initialization - cancelling refresh attempt: org.springframework.beans.factory.BeanCreationException: Error creating bean with name 'homeController' defined in file [C:\Users\Hemant\Downloads\PYTHON\Recognify\face-recognition-app\target\classes\com\example\facerecognitionapp\controller\HomeController.class]: Failed to instantiate [com.example.facerecognitionapp.controller.HomeController]: Constructor threw exception
2025-03-26T22:28:07.874+05:30  INFO 9792 --- [restartedMain] o.apache.catalina.core.StandardService   : Stopping service [Tomcat]
2025-03-26T22:28:07.882+05:30  INFO 9792 --- [restartedMain] .s.b.a.l.ConditionEvaluationReportLogger : 

Error starting ApplicationContext. To display the condition evaluation report re-run your application with 'debug' enabled.
2025-03-26T22:28:07.925+05:30 ERROR 9792 --- [restartedMain] o.s.boot.SpringApplication               : Application run failed

org.springframework.beans.factory.BeanCreationException: Error creating bean with name 'homeController' defined in file [C:\Users\Hemant\Downloads\PYTHON\Recognify\face-recognition-app\target\classes\com\example\facerecognitionapp\controller\HomeController.class]: Failed to instantiate [com.example.facerecognitionapp.controller.HomeController]: Constructor threw exception
	at org.springframework.beans.factory.support.AbstractAutowireCapableBeanFactory.instantiateBean(AbstractAutowireCapableBeanFactory.java:1317) ~[spring-beans-6.1.4.jar:6.1.4]
	at org.springframework.beans.factory.support.AbstractAutowireCapableBeanFactory.createBeanInstance(AbstractAutowireCapableBeanFactory.java:1202) ~[spring-beans-6.1.4.jar:6.1.4]
	at org.springframework.beans.factory.support.AbstractAutowireCapableBeanFactory.doCreateBean(AbstractAutowireCapableBeanFactory.java:562) ~[spring-beans-6.1.4.jar:6.1.4]
	at org.springframework.beans.factory.support.AbstractAutowireCapableBeanFactory.createBean(AbstractAutowireCapableBeanFactory.java:522) ~[spring-beans-6.1.4.jar:6.1.4]
	at org.springframework.beans.factory.support.AbstractBeanFactory.lambda$doGetBean$0(AbstractBeanFactory.java:325) ~[spring-beans-6.1.4.jar:6.1.4]
	at org.springframework.beans.factory.support.DefaultSingletonBeanRegistry.getSingleton(DefaultSingletonBeanRegistry.java:234) ~[spring-beans-6.1.4.jar:6.1.4]
	at org.springframework.beans.factory.support.AbstractBeanFactory.doGetBean(AbstractBeanFactory.java:323) ~[spring-beans-6.1.4.jar:6.1.4]
	at org.springframework.beans.factory.support.AbstractBeanFactory.getBean(AbstractBeanFactory.java:199) ~[spring-beans-6.1.4.jar:6.1.4]
	at org.springframework.beans.factory.support.DefaultListableBeanFactory.preInstantiateSingletons(DefaultListableBeanFactory.java:975) ~[spring-beans-6.1.4.jar:6.1.4]
	at org.springframework.context.support.AbstractApplicationContext.finishBeanFactoryInitialization(AbstractApplicationContext.java:959) ~[spring-context-6.1.4.jar:6.1.4]
	at org.springframework.context.support.AbstractApplicationContext.refresh(AbstractApplicationContext.java:624) ~[spring-context-6.1.4.jar:6.1.4]
	at org.springframework.boot.web.servlet.context.ServletWebServerApplicationContext.refresh(ServletWebServerApplicationContext.java:146) ~[spring-boot-3.2.3.jar:3.2.3]
	at org.springframework.boot.SpringApplication.refresh(SpringApplication.java:754) ~[spring-boot-3.2.3.jar:3.2.3]
	at org.springframework.boot.SpringApplication.refreshContext(SpringApplication.java:456) ~[spring-boot-3.2.3.jar:3.2.3]
	at org.springframework.boot.SpringApplication.run(SpringApplication.java:334) ~[spring-boot-3.2.3.jar:3.2.3]
	at org.springframework.boot.SpringApplication.run(SpringApplication.java:1354) ~[spring-boot-3.2.3.jar:3.2.3]
	at org.springframework.boot.SpringApplication.run(SpringApplication.java:1343) ~[spring-boot-3.2.3.jar:3.2.3]
	at com.example.facerecognitionapp.FaceRecognitionAppApplication.main(FaceRecognitionAppApplication.java:9) ~[classes/:na]
	at java.base/jdk.internal.reflect.DirectMethodHandleAccessor.invoke(DirectMethodHandleAccessor.java:103) ~[na:na]
	at java.base/java.lang.reflect.Method.invoke(Method.java:580) ~[na:na]
	at org.springframework.boot.devtools.restart.RestartLauncher.run(RestartLauncher.java:50) ~[spring-boot-devtools-3.2.3.jar:3.2.3]
Caused by: org.springframework.beans.BeanInstantiationException: Failed to instantiate [com.example.facerecognitionapp.controller.HomeController]: Constructor threw exception
	at org.springframework.beans.BeanUtils.instantiateClass(BeanUtils.java:223) ~[spring-beans-6.1.4.jar:6.1.4]
	at org.springframework.beans.factory.support.SimpleInstantiationStrategy.instantiate(SimpleInstantiationStrategy.java:88) ~[spring-beans-6.1.4.jar:6.1.4]
	at org.springframework.beans.factory.support.AbstractAutowireCapableBeanFactory.instantiateBean(AbstractAutowireCapableBeanFactory.java:1311) ~[spring-beans-6.1.4.jar:6.1.4]
	... 20 common frames omitted
Caused by: java.lang.Error: Unresolved compilation problem: 
	The declared package "com.example.facerecognition.controller" does not match the expected package "com.example.facerecognitionapp.controller"

	at com.example.facerecognitionapp.controller.HomeController.<init>(HomeController.java:1) ~[classes/:na]
	at java.base/jdk.internal.reflect.DirectConstructorHandleAccessor.newInstance(DirectConstructorHandleAccessor.java:62) ~[na:na]
	at java.base/java.lang.reflect.Constructor.newInstanceWithCaller(Constructor.java:502) ~[na:na]
	at java.base/java.lang.reflect.Constructor.newInstance(Constructor.java:486) ~[na:na]
	at org.springframework.beans.BeanUtils.instantiateClass(BeanUtils.java:197) ~[spring-beans-6.1.4.jar:6.1.4]
	... 22 common frames omitted

2025-03-26T22:28:11.494+05:30  INFO 9792 --- [restartedMain] c.e.f.FaceRecognitionAppApplication      : Starting FaceRecognitionAppApplication using Java 21.0.5 with PID 9792 (C:\Users\Hemant\Downloads\PYTHON\Recognify\face-recognition-app\target\classes started by Hemant in C:\Users\Hemant\Downloads\PYTHON\Recognify\face-recognition-app)
2025-03-26T22:28:11.494+05:30  INFO 9792 --- [restartedMain] c.e.f.FaceRecognitionAppApplication      : No active profile set, falling back to 1 default profile: "default"
2025-03-26T22:28:11.853+05:30  INFO 9792 --- [restartedMain] o.s.b.w.embedded.tomcat.TomcatWebServer  : Tomcat initialized with port 8080 (http)
2025-03-26T22:28:11.856+05:30  INFO 9792 --- [restartedMain] o.apache.catalina.core.StandardService   : Starting service [Tomcat]
2025-03-26T22:28:11.857+05:30  INFO 9792 --- [restartedMain] o.apache.catalina.core.StandardEngine    : Starting Servlet engine: [Apache Tomcat/10.1.19]
2025-03-26T22:28:11.891+05:30  INFO 9792 --- [restartedMain] o.a.c.c.C.[Tomcat-1].[localhost].[/]     : Initializing Spring embedded WebApplicationContext
2025-03-26T22:28:11.892+05:30  INFO 9792 --- [restartedMain] w.s.c.ServletWebServerApplicationContext : Root WebApplicationContext: initialization completed in 394 ms
2025-03-26T22:28:12.006+05:30  INFO 9792 --- [restartedMain] o.s.b.a.w.s.WelcomePageHandlerMapping    : Adding welcome page: class path resource [static/index.html]
2025-03-26T22:28:12.094+05:30  INFO 9792 --- [restartedMain] o.s.b.d.a.OptionalLiveReloadServer       : LiveReload server is running on port 35729
2025-03-26T22:28:12.129+05:30  INFO 9792 --- [restartedMain] o.s.b.w.embedded.tomcat.TomcatWebServer  : Tomcat started on port 8080 (http) with context path ''
2025-03-26T22:28:12.138+05:30  INFO 9792 --- [restartedMain] c.e.f.FaceRecognitionAppApplication      : Started FaceRecognitionAppApplication in 0.68 seconds (process running for 89.798)
2025-03-26T22:28:12.141+05:30  INFO 9792 --- [restartedMain] .ConditionEvaluationDeltaLoggingListener : Condition evaluation unchanged
2025-03-26T22:28:16.000+05:30  INFO 9792 --- [File Watcher] rtingClassPathChangeChangedEventListener : Restarting due to 1 class path change (0 additions, 0 deletions, 1 modification)
2025-03-26T22:28:16.105+05:30  INFO 9792 --- [restartedMain] c.e.f.FaceRecognitionAppApplication      : Starting FaceRecognitionAppApplication using Java 21.0.5 with PID 9792 (C:\Users\Hemant\Downloads\PYTHON\Recognify\face-recognition-app\target\classes started by Hemant in C:\Users\Hemant\Downloads\PYTHON\Recognify\face-recognition-app)
2025-03-26T22:28:16.106+05:30  INFO 9792 --- [restartedMain] c.e.f.FaceRecognitionAppApplication      : No active profile set, falling back to 1 default profile: "default"
2025-03-26T22:28:16.427+05:30  INFO 9792 --- [restartedMain] o.s.b.w.embedded.tomcat.TomcatWebServer  : Tomcat initialized with port 8080 (http)
2025-03-26T22:28:16.429+05:30  INFO 9792 --- [restartedMain] o.apache.catalina.core.StandardService   : Starting service [Tomcat]
2025-03-26T22:28:16.429+05:30  INFO 9792 --- [restartedMain] o.apache.catalina.core.StandardEngine    : Starting Servlet engine: [Apache Tomcat/10.1.19]
2025-03-26T22:28:16.450+05:30  INFO 9792 --- [restartedMain] o.a.c.c.C.[Tomcat-1].[localhost].[/]     : Initializing Spring embedded WebApplicationContext
2025-03-26T22:28:16.450+05:30  INFO 9792 --- [restartedMain] w.s.c.ServletWebServerApplicationContext : Root WebApplicationContext: initialization completed in 337 ms
2025-03-26T22:28:16.488+05:30  INFO 9792 --- [restartedMain] o.s.b.a.w.s.WelcomePageHandlerMapping    : Adding welcome page: class path resource [static/index.html]
2025-03-26T22:28:16.621+05:30  INFO 9792 --- [restartedMain] o.s.b.d.a.OptionalLiveReloadServer       : LiveReload server is running on port 35729
2025-03-26T22:28:16.648+05:30  INFO 9792 --- [restartedMain] o.s.b.w.embedded.tomcat.TomcatWebServer  : Tomcat started on port 8080 (http) with context path ''
2025-03-26T22:28:16.655+05:30  INFO 9792 --- [restartedMain] c.e.f.FaceRecognitionAppApplication      : Started FaceRecognitionAppApplication in 0.593 seconds (process running for 94.317)
2025-03-26T22:28:16.657+05:30  INFO 9792 --- [restartedMain] .ConditionEvaluationDeltaLoggingListener : Condition evaluation unchanged
2025-03-26T22:28:34.844+05:30  INFO 5204 --- [restartedMain] c.e.f.FaceRecognitionAppApplication      : Starting FaceRecognitionAppApplication using Java 21.0.5 with PID 5204 (C:\Users\Hemant\Downloads\PYTHON\Recognify\face-recognition-app\target\classes started by Hemant in C:\Users\Hemant\Downloads\PYTHON\Recognify\face-recognition-app)
2025-03-26T22:28:34.846+05:30  INFO 5204 --- [restartedMain] c.e.f.FaceRecognitionAppApplication      : No active profile set, falling back to 1 default profile: "default"
2025-03-26T22:28:34.905+05:30  INFO 5204 --- [restartedMain] .e.DevToolsPropertyDefaultsPostProcessor : Devtools property defaults active! Set 'spring.devtools.add-properties' to 'false' to disable
2025-03-26T22:28:34.905+05:30  INFO 5204 --- [restartedMain] .e.DevToolsPropertyDefaultsPostProcessor : For additional web related logging consider setting the 'logging.level.web' property to 'DEBUG'
2025-03-26T22:28:35.994+05:30  INFO 5204 --- [restartedMain] o.s.b.w.embedded.tomcat.TomcatWebServer  : Tomcat initialized with port 8080 (http)
2025-03-26T22:28:36.007+05:30  INFO 5204 --- [restartedMain] o.apache.catalina.core.StandardService   : Starting service [Tomcat]
2025-03-26T22:28:36.007+05:30  INFO 5204 --- [restartedMain] o.apache.catalina.core.StandardEngine    : Starting Servlet engine: [Apache Tomcat/10.1.19]
2025-03-26T22:28:36.061+05:30  INFO 5204 --- [restartedMain] o.a.c.c.C.[Tomcat].[localhost].[/]       : Initializing Spring embedded WebApplicationContext
2025-03-26T22:28:36.062+05:30  INFO 5204 --- [restartedMain] w.s.c.ServletWebServerApplicationContext : Root WebApplicationContext: initialization completed in 1156 ms
2025-03-26T22:28:36.784+05:30  INFO 5204 --- [restartedMain] o.s.b.a.w.s.WelcomePageHandlerMapping    : Adding welcome page: class path resource [static/index.html]
2025-03-26T22:28:37.080+05:30  INFO 5204 --- [restartedMain] o.s.b.d.a.OptionalLiveReloadServer       : LiveReload server is running on port 35729
2025-03-26T22:28:37.115+05:30  INFO 5204 --- [restartedMain] o.s.b.w.embedded.tomcat.TomcatWebServer  : Tomcat started on port 8080 (http) with context path ''
2025-03-26T22:28:37.122+05:30  INFO 5204 --- [restartedMain] c.e.f.FaceRecognitionAppApplication      : Started FaceRecognitionAppApplication in 2.748 seconds (process running for 3.176)
2025-03-26T22:28:45.953+05:30  INFO 5204 --- [http-nio-8080-exec-2] o.a.c.c.C.[Tomcat].[localhost].[/]       : Initializing Spring DispatcherServlet 'dispatcherServlet'
2025-03-26T22:28:45.954+05:30  INFO 5204 --- [http-nio-8080-exec-2] o.s.web.servlet.DispatcherServlet        : Initializing Servlet 'dispatcherServlet'
2025-03-26T22:28:45.955+05:30  INFO 5204 --- [http-nio-8080-exec-2] o.s.web.servlet.DispatcherServlet        : Completed initialization in 1 ms
2025-03-26T22:40:48.171+05:30  INFO 6944 --- [restartedMain] c.e.f.FaceRecognitionAppApplication      : Starting FaceRecognitionAppApplication using Java 21.0.5 with PID 6944 (C:\Users\Hemant\Downloads\PYTHON\Recognify\face-recognition-app\target\classes started by Hemant in C:\Users\Hemant\Downloads\PYTHON\Recognify\face-recognition-app)
2025-03-26T22:40:48.177+05:30  INFO 6944 --- [restartedMain] c.e.f.FaceRecognitionAppApplication      : No active profile set, falling back to 1 default profile: "default"
2025-03-26T22:40:48.279+05:30  INFO 6944 --- [restartedMain] .e.DevToolsPropertyDefaultsPostProcessor : Devtools property defaults active! Set 'spring.devtools.add-properties' to 'false' to disable
2025-03-26T22:40:48.280+05:30  INFO 6944 --- [restartedMain] .e.DevToolsPropertyDefaultsPostProcessor : For additional web related logging consider setting the 'logging.level.web' property to 'DEBUG'
2025-03-26T22:40:50.426+05:30  INFO 6944 --- [restartedMain] o.s.b.w.embedded.tomcat.TomcatWebServer  : Tomcat initialized with port 8080 (http)
2025-03-26T22:40:50.455+05:30  INFO 6944 --- [restartedMain] o.apache.catalina.core.StandardService   : Starting service [Tomcat]
2025-03-26T22:40:50.455+05:30  INFO 6944 --- [restartedMain] o.apache.catalina.core.StandardEngine    : Starting Servlet engine: [Apache Tomcat/10.1.19]
2025-03-26T22:40:50.567+05:30  INFO 6944 --- [restartedMain] o.a.c.c.C.[Tomcat].[localhost].[/]       : Initializing Spring embedded WebApplicationContext
2025-03-26T22:40:50.568+05:30  INFO 6944 --- [restartedMain] w.s.c.ServletWebServerApplicationContext : Root WebApplicationContext: initialization completed in 2287 ms
2025-03-26T22:40:52.050+05:30  INFO 6944 --- [restartedMain] o.s.b.a.w.s.WelcomePageHandlerMapping    : Adding welcome page: class path resource [static/index.html]
2025-03-26T22:40:52.461+05:30  INFO 6944 --- [restartedMain] o.s.b.d.a.OptionalLiveReloadServer       : LiveReload server is running on port 35729
2025-03-26T22:40:52.563+05:30  INFO 6944 --- [restartedMain] o.s.b.w.embedded.tomcat.TomcatWebServer  : Tomcat started on port 8080 (http) with context path ''
2025-03-26T22:40:52.588+05:30  INFO 6944 --- [restartedMain] c.e.f.FaceRecognitionAppApplication      : Started FaceRecognitionAppApplication in 5.308 seconds (process running for 7.572)
2025-03-26T22:41:14.631+05:30  INFO 6944 --- [http-nio-8080-exec-2] o.a.c.c.C.[Tomcat].[localhost].[/]       : Initializing Spring DispatcherServlet 'dispatcherServlet'
2025-03-26T22:41:14.645+05:30  INFO 6944 --- [http-nio-8080-exec-2] o.s.web.servlet.DispatcherServlet        : Initializing Servlet 'dispatcherServlet'
2025-03-26T22:41:14.655+05:30  INFO 6944 --- [http-nio-8080-exec-2] o.s.web.servlet.DispatcherServlet        : Completed initialization in 9 ms
